Hmm ... looks like a package

This is pdfTeX, Version 3.1415926-1.40.10 (TeX Live 2009/Debian)
entering extended mode
LaTeX2e <2009/09/24>
Babel <v3.8l> and hyphenation patterns for english, usenglishmax, dumylang, noh
yphenation, farsi, arabic, croatian, bulgarian, ukrainian, russian, czech, slov
ak, danish, dutch, finnish, french, basque, ngerman, german, german-x-2009-06-1
9, ngerman-x-2009-06-19, ibycus, monogreek, greek, ancientgreek, hungarian, san
skrit, italian, latin, latvian, lithuanian, mongolian2a, mongolian, bokmal, nyn
orsk, romanian, irish, coptic, serbian, turkish, welsh, esperanto, uppersorbian
, estonian, indonesian, interlingua, icelandic, kurmanji, slovenian, polish, po
rtuguese, spanish, galician, catalan, swedish, ukenglish, pinyin, loaded.
(./Rd2.tex
(/usr/share/texmf-texlive/tex/latex/base/book.cls
Document Class: book 2007/10/19 v1.4h Standard LaTeX document class
(/usr/share/texmf-texlive/tex/latex/base/bk10.clo))
(/usr/share/R/share/texmf/tex/latex/Rd.sty
(/usr/share/texmf-texlive/tex/latex/base/ifthen.sty)
(/usr/share/texmf-texlive/tex/latex/tools/longtable.sty)
(/usr/share/texmf-texlive/tex/latex/tools/bm.sty)
(/usr/share/texmf-texlive/tex/latex/base/alltt.sty)
(/usr/share/texmf-texlive/tex/latex/tools/verbatim.sty)
(/usr/share/texmf-texlive/tex/latex/ltxmisc/url.sty) NOT loading ae
(/usr/share/texmf-texlive/tex/latex/base/fontenc.sty
(/usr/share/texmf-texlive/tex/latex/base/t1enc.def))
(/usr/share/texmf-texlive/tex/latex/psnfss/times.sty) NOT loading lmodern
(/usr/share/texmf-texlive/tex/latex/inconsolata/inconsolata.sty
(/usr/share/texmf-texlive/tex/latex/base/textcomp.sty
(/usr/share/texmf-texlive/tex/latex/base/ts1enc.def))
(/usr/share/texmf-texlive/tex/latex/graphics/keyval.sty))
(/usr/share/texmf-texlive/tex/latex/graphics/color.sty
(/etc/texmf/tex/latex/config/color.cfg)
(/usr/share/texmf-texlive/tex/latex/pdftex-def/pdftex.def))
(/usr/share/texmf-texlive/tex/latex/hyperref/hyperref.sty
(/usr/share/texmf-texlive/tex/generic/oberdiek/ifpdf.sty)
(/usr/share/texmf-texlive/tex/generic/oberdiek/ifvtex.sty)
(/usr/share/texmf-texlive/tex/generic/ifxetex/ifxetex.sty)
(/usr/share/texmf-texlive/tex/latex/oberdiek/hycolor.sty
(/usr/share/texmf-texlive/tex/latex/oberdiek/xcolor-patch.sty))
(/usr/share/texmf-texlive/tex/latex/hyperref/pd1enc.def)
(/usr/share/texmf-texlive/tex/generic/oberdiek/etexcmds.sty
(/usr/share/texmf-texlive/tex/generic/oberdiek/infwarerr.sty))
(/usr/share/texmf-texlive/tex/latex/latexconfig/hyperref.cfg)
(/usr/share/texmf-texlive/tex/latex/oberdiek/kvoptions.sty
(/usr/share/texmf-texlive/tex/generic/oberdiek/kvsetkeys.sty))
Implicit mode ON; LaTeX internals redefined
(/usr/share/texmf-texlive/tex/generic/oberdiek/bitset.sty
(/usr/share/texmf-texlive/tex/generic/oberdiek/intcalc.sty)
(/usr/share/texmf-texlive/tex/generic/oberdiek/bigintcalc.sty
(/usr/share/texmf-texlive/tex/generic/oberdiek/pdftexcmds.sty
(/usr/share/texmf-texlive/tex/generic/oberdiek/ifluatex.sty)
(/usr/share/texmf-texlive/tex/generic/oberdiek/ltxcmds.sty))))
(/usr/share/texmf-texlive/tex/generic/oberdiek/atbegshi.sty))
*hyperref using default driver hpdftex*
(/usr/share/texmf-texlive/tex/latex/hyperref/hpdftex.def)

Package hyperref Warning: Option `hyperindex' has already been used,
(hyperref)                setting the option has no effect on input line 356.


Package hyperref Warning: Option `pagebackref' has already been used,
(hyperref)                setting the option has no effect on input line 356.

) (/usr/share/texmf-texlive/tex/latex/base/makeidx.sty)
(/usr/share/texmf-texlive/tex/latex/base/inputenc.sty
(/usr/share/texmf-texlive/tex/latex/base/utf8.def
(/usr/share/texmf-texlive/tex/latex/base/t1enc.dfu)
(/usr/share/texmf-texlive/tex/latex/base/ot1enc.dfu)
(/usr/share/texmf-texlive/tex/latex/base/omsenc.dfu)
(/usr/share/texmf-texlive/tex/latex/base/ts1enc.dfu))
(/usr/share/texmf-texlive/tex/latex/base/latin1.def))
Writing index file Rd2.idx
No file Rd2.aux.
(/usr/share/texmf-texlive/tex/latex/base/ts1cmr.fd)
(/usr/share/texmf-texlive/tex/latex/psnfss/t1ptm.fd)
(/usr/share/texmf-texlive/tex/context/base/supp-pdf.mkii
[Loading MPS to PDF converter (version 2006.09.02).]
) (/usr/share/texmf-texlive/tex/latex/hyperref/nameref.sty
(/usr/share/texmf-texlive/tex/latex/oberdiek/refcount.sty))
(/usr/share/texmf-texlive/tex/latex/inconsolata/t1fi4.fd)
(/usr/share/texmf-texlive/tex/latex/psnfss/t1phv.fd)
(/usr/share/texmf-texlive/tex/latex/base/utf8.def)
Overfull \vbox (26.37697pt too high) has occurred while \output is active
[1{/var/lib/texmf/fonts/map/pdftex/updmap/pdftex.map}]
Overfull \hbox (3.63799pt too wide) in paragraph at lines 58--60
\T1/ptm/m/n/10 and Biomedicine (BIBM 2012), 2012. E. Yang, P. K. Raviku-mar, G.
 I. Allen, and Z. Liu, <93>Graph-
(/usr/share/texmf-texlive/tex/latex/base/utf8.def) [2]
(/usr/share/texmf-texlive/tex/latex/base/utf8.def) [3]
(/usr/share/texmf-texlive/tex/latex/base/utf8.def)
Overfull \hbox (2.84717pt too wide) in paragraph at lines 193--194
[]\T1/ptm/m/n/10 logical value to in-di-cate if the pro-cess should be run par-
al-lelly in mul-ti-ple threads,
[4]
Underfull \vbox (badness 3803) has occurred while \output is active [5]
Underfull \vbox (badness 10000) has occurred while \output is active [6]
(/usr/share/texmf-texlive/tex/latex/base/utf8.def) [7]
(/usr/share/texmf-texlive/tex/latex/base/utf8.def)
Overfull \hbox (179.78113pt too wide) in paragraph at lines 392--392
 []\T1/fi4/m/n/10 LPGM.select(X, method = "LPGM", N = 100, beta = 0.05, lmin = 
0.01, nlams = 20, lambda.path = NULL, parallel = T, nCpus = 4)[] 

Overfull \hbox (8.56749pt too wide) in paragraph at lines 399--401
[]\T1/ptm/m/n/10 specification of the vari-a-tion of log-linear poisson-based g
raph-i-cal model (LPGM),

Overfull \hbox (2.84717pt too wide) in paragraph at lines 407--408
[]\T1/ptm/m/n/10 logical value to in-di-cate if the pro-cess should be run par-
al-lelly in mul-ti-ple threads,

Overfull \hbox (3.63799pt too wide) in paragraph at lines 424--426
\T1/ptm/m/n/10 and Biomedicine (BIBM 2012), 2012. E. Yang, P. K. Raviku-mar, G.
 I. Allen, and Z. Liu, <93>Graph-
[8]
Overfull \hbox (95.28088pt too wide) in paragraph at lines 441--441
 []\T1/fi4/m/n/9 smatrix  = matrix(sample(c(1,-1), nrow(gdata$theta)*ncol(gdata
$theta), replace=TRUE), nrow = nrow(gdata$theta) )[] 

Overfull \hbox (50.28088pt too wide) in paragraph at lines 442--442
 []\T1/fi4/m/n/9 simData = WPGMSim(n,p,R=10, alpha = rep(0,p), Theta = 0.1*as.m
atrix(gdata$theta)*smatrix, maxit = 100 )[] 
[9]
Underfull \vbox (badness 10000) has occurred while \output is active [10]
(/usr/share/texmf-texlive/tex/latex/base/utf8.def) [11]
Overfull \hbox (98.28088pt too wide) in paragraph at lines 609--609
 []\T1/fi4/m/n/9 smatrix  = matrix(sample(c(1,-1), nrow(gdata$theta)*ncol(gdata
$theta), replace =TRUE), nrow = nrow(gdata$theta) )[] 

Overfull \hbox (50.28088pt too wide) in paragraph at lines 610--610
 []\T1/fi4/m/n/9 simData = WPGMSim(n,p,R=10, alpha = rep(0,p), Theta = 0.1*as.m
atrix(gdata$theta)*smatrix, maxit = 100 )[] 
(/usr/share/texmf-texlive/tex/latex/base/utf8.def)
Overfull \hbox (4.40694pt too wide) in paragraph at lines 621--622
[]\T1/ptm/m/n/10 Fitting the lo-cal Log-Linear Graph-i-cal Model based on pair-
wise sublinear-truncated Pois-son Markov

Overfull \hbox (148.11447pt too wide) in paragraph at lines 626--626
 []\T1/fi4/m/n/10 SPGM.select(X, R, R0 = 0, N = 100, beta = 0.05, lmin = 0.01, 
nlams = 20, lambda.path = NULL, parallel = T, nCpus = 4)[] 
[12]
Overfull \hbox (2.84717pt too wide) in paragraph at lines 640--641
[]\T1/ptm/m/n/10 logical value to in-di-cate if the pro-cess should be run par-
al-lelly in mul-ti-ple threads,

Overfull \hbox (3.63799pt too wide) in paragraph at lines 657--659
\T1/ptm/m/n/10 and Biomedicine (BIBM 2012), 2012. E. Yang, P. K. Raviku-mar, G.
 I. Allen, and Z. Liu, <93>Graph-
(/usr/share/texmf-texlive/tex/latex/base/utf8.def) [13]
Overfull \hbox (113.11444pt too wide) in paragraph at lines 701--701
 []\T1/fi4/m/n/10 TPGM.select(X, R, N = 100, beta = 0.05, lmin = 0.01, nlams = 
20, lambda.path = NULL, parallel = T, nCpus = 4)[] 

Overfull \hbox (2.84717pt too wide) in paragraph at lines 714--715
[]\T1/ptm/m/n/10 logical value to in-di-cate if the pro-cess should be run par-
al-lelly in mul-ti-ple threads,

Overfull \hbox (3.63799pt too wide) in paragraph at lines 735--737
\T1/ptm/m/n/10 and Biomedicine (BIBM 2012), 2012. E. Yang, P. K. Raviku-mar, G.
 I. Allen, and Z. Liu, <93>Graph-
[14] (/usr/share/texmf-texlive/tex/latex/base/utf8.def) [15] [16]
(/usr/share/texmf-texlive/tex/latex/base/utf8.def) [17]
(/usr/share/texmf-texlive/tex/latex/base/utf8.def) [18] [19]
(/usr/share/texmf-texlive/tex/latex/base/utf8.def)
Overfull \hbox (123.11432pt too wide) in paragraph at lines 1056--1056
 []\T1/fi4/m/n/10 WPGM.select(X, R=max(X), N=100, beta=0.05, lmin=0.0001, nlams
=20, lambda.path=NULL, parallel=F, ncores = 4)[] 
[20]
Overfull \hbox (2.84717pt too wide) in paragraph at lines 1069--1070
[]\T1/ptm/m/n/10 logical value to in-di-cate if the pro-cess should be run par-
al-lelly in mul-ti-ple threads,

Overfull \hbox (3.63799pt too wide) in paragraph at lines 1086--1088
\T1/ptm/m/n/10 and Biomedicine (BIBM 2012), 2012. E. Yang, P. K. Raviku-mar, G.
 I. Allen, and Z. Liu, <93>Graph-
[21] (/usr/share/texmf-texlive/tex/latex/base/utf8.def) [22]
No file Rd2.ind.
[23] (./Rd2.aux) )
(see the transcript file for additional information)pdfTeX warning (dest): name
{Rfn.glmnet} has been referenced but does not exist, replaced by a fixed one

pdfTeX warning (dest): name{Rfn.<pkg>} has been referenced but does not exist, 
replaced by a fixed one

{/usr/share/texmf-texlive/fonts/enc/dvips/base/8r.enc}{/usr/share/texmf-texlive
/fonts/enc/dvips/inconsolata/fi4-ec.enc}</usr/share/texmf-texlive/fonts/type1/p
ublic/inconsolata/Inconsolata.pfb></usr/share/texmf-texlive/fonts/type1/urw/hel
vetic/uhvr8a.pfb></usr/share/texmf-texlive/fonts/type1/urw/times/utmb8a.pfb></u
sr/share/texmf-texlive/fonts/type1/urw/times/utmr8a.pfb></usr/share/texmf-texli
ve/fonts/type1/urw/times/utmr8a.pfb></usr/share/texmf-texlive/fonts/type1/urw/t
imes/utmri8a.pfb>
Output written on Rd2.pdf (23 pages, 129609 bytes).
Transcript written on Rd2.log.
This is makeindex, version 2.15 [TeX Live 2009] (kpathsea + Thai support).
Scanning input file Rd2.idx....done (51 entries accepted, 0 rejected).
Sorting entries....done (290 comparisons).
Generating output file Rd2.ind....done (78 lines written, 0 warnings).
Output written in Rd2.ind.
Transcript written in Rd2.ilg.
This is pdfTeX, Version 3.1415926-1.40.10 (TeX Live 2009/Debian)
entering extended mode
LaTeX2e <2009/09/24>
Babel <v3.8l> and hyphenation patterns for english, usenglishmax, dumylang, noh
yphenation, farsi, arabic, croatian, bulgarian, ukrainian, russian, czech, slov
ak, danish, dutch, finnish, french, basque, ngerman, german, german-x-2009-06-1
9, ngerman-x-2009-06-19, ibycus, monogreek, greek, ancientgreek, hungarian, san
skrit, italian, latin, latvian, lithuanian, mongolian2a, mongolian, bokmal, nyn
orsk, romanian, irish, coptic, serbian, turkish, welsh, esperanto, uppersorbian
, estonian, indonesian, interlingua, icelandic, kurmanji, slovenian, polish, po
rtuguese, spanish, galician, catalan, swedish, ukenglish, pinyin, loaded.
(./Rd2.tex
(/usr/share/texmf-texlive/tex/latex/base/book.cls
Document Class: book 2007/10/19 v1.4h Standard LaTeX document class
(/usr/share/texmf-texlive/tex/latex/base/bk10.clo))
(/usr/share/R/share/texmf/tex/latex/Rd.sty
(/usr/share/texmf-texlive/tex/latex/base/ifthen.sty)
(/usr/share/texmf-texlive/tex/latex/tools/longtable.sty)
(/usr/share/texmf-texlive/tex/latex/tools/bm.sty)
(/usr/share/texmf-texlive/tex/latex/base/alltt.sty)
(/usr/share/texmf-texlive/tex/latex/tools/verbatim.sty)
(/usr/share/texmf-texlive/tex/latex/ltxmisc/url.sty) NOT loading ae
(/usr/share/texmf-texlive/tex/latex/base/fontenc.sty
(/usr/share/texmf-texlive/tex/latex/base/t1enc.def))
(/usr/share/texmf-texlive/tex/latex/psnfss/times.sty) NOT loading lmodern
(/usr/share/texmf-texlive/tex/latex/inconsolata/inconsolata.sty
(/usr/share/texmf-texlive/tex/latex/base/textcomp.sty
(/usr/share/texmf-texlive/tex/latex/base/ts1enc.def))
(/usr/share/texmf-texlive/tex/latex/graphics/keyval.sty))
(/usr/share/texmf-texlive/tex/latex/graphics/color.sty
(/etc/texmf/tex/latex/config/color.cfg)
(/usr/share/texmf-texlive/tex/latex/pdftex-def/pdftex.def))
(/usr/share/texmf-texlive/tex/latex/hyperref/hyperref.sty
(/usr/share/texmf-texlive/tex/generic/oberdiek/ifpdf.sty)
(/usr/share/texmf-texlive/tex/generic/oberdiek/ifvtex.sty)
(/usr/share/texmf-texlive/tex/generic/ifxetex/ifxetex.sty)
(/usr/share/texmf-texlive/tex/latex/oberdiek/hycolor.sty
(/usr/share/texmf-texlive/tex/latex/oberdiek/xcolor-patch.sty))
(/usr/share/texmf-texlive/tex/latex/hyperref/pd1enc.def)
(/usr/share/texmf-texlive/tex/generic/oberdiek/etexcmds.sty
(/usr/share/texmf-texlive/tex/generic/oberdiek/infwarerr.sty))
(/usr/share/texmf-texlive/tex/latex/latexconfig/hyperref.cfg)
(/usr/share/texmf-texlive/tex/latex/oberdiek/kvoptions.sty
(/usr/share/texmf-texlive/tex/generic/oberdiek/kvsetkeys.sty))
Implicit mode ON; LaTeX internals redefined
(/usr/share/texmf-texlive/tex/generic/oberdiek/bitset.sty
(/usr/share/texmf-texlive/tex/generic/oberdiek/intcalc.sty)
(/usr/share/texmf-texlive/tex/generic/oberdiek/bigintcalc.sty
(/usr/share/texmf-texlive/tex/generic/oberdiek/pdftexcmds.sty
(/usr/share/texmf-texlive/tex/generic/oberdiek/ifluatex.sty)
(/usr/share/texmf-texlive/tex/generic/oberdiek/ltxcmds.sty))))
(/usr/share/texmf-texlive/tex/generic/oberdiek/atbegshi.sty))
*hyperref using default driver hpdftex*
(/usr/share/texmf-texlive/tex/latex/hyperref/hpdftex.def)

Package hyperref Warning: Option `hyperindex' has already been used,
(hyperref)                setting the option has no effect on input line 356.


Package hyperref Warning: Option `pagebackref' has already been used,
(hyperref)                setting the option has no effect on input line 356.

) (/usr/share/texmf-texlive/tex/latex/base/makeidx.sty)
(/usr/share/texmf-texlive/tex/latex/base/inputenc.sty
(/usr/share/texmf-texlive/tex/latex/base/utf8.def
(/usr/share/texmf-texlive/tex/latex/base/t1enc.dfu)
(/usr/share/texmf-texlive/tex/latex/base/ot1enc.dfu)
(/usr/share/texmf-texlive/tex/latex/base/omsenc.dfu)
(/usr/share/texmf-texlive/tex/latex/base/ts1enc.dfu))
(/usr/share/texmf-texlive/tex/latex/base/latin1.def))
Writing index file Rd2.idx
(./Rd2.aux) (/usr/share/texmf-texlive/tex/latex/base/ts1cmr.fd)
(/usr/share/texmf-texlive/tex/latex/psnfss/t1ptm.fd)
(/usr/share/texmf-texlive/tex/context/base/supp-pdf.mkii
[Loading MPS to PDF converter (version 2006.09.02).]
) (/usr/share/texmf-texlive/tex/latex/hyperref/nameref.sty
(/usr/share/texmf-texlive/tex/latex/oberdiek/refcount.sty)) (./Rd2.out)
(./Rd2.out) (/usr/share/texmf-texlive/tex/latex/inconsolata/t1fi4.fd)
(/usr/share/texmf-texlive/tex/latex/psnfss/t1phv.fd) (./Rd2.toc)
(/usr/share/texmf-texlive/tex/latex/base/utf8.def) [1{/var/lib/texmf/fonts/map/
pdftex/updmap/pdftex.map}]
Overfull \hbox (3.63799pt too wide) in paragraph at lines 58--60
\T1/ptm/m/n/10 and Biomedicine (BIBM 2012), 2012. E. Yang, P. K. Raviku-mar, G.
 I. Allen, and Z. Liu, <93>Graph-
(/usr/share/texmf-texlive/tex/latex/base/utf8.def) [2]
(/usr/share/texmf-texlive/tex/latex/base/utf8.def) [3]
(/usr/share/texmf-texlive/tex/latex/base/utf8.def)
Overfull \hbox (2.84717pt too wide) in paragraph at lines 193--194
[]\T1/ptm/m/n/10 logical value to in-di-cate if the pro-cess should be run par-
al-lelly in mul-ti-ple threads,
[4] [5]
Underfull \vbox (badness 10000) has occurred while \output is active [6]
(/usr/share/texmf-texlive/tex/latex/base/utf8.def) [7]
(/usr/share/texmf-texlive/tex/latex/base/utf8.def)
Overfull \hbox (179.78113pt too wide) in paragraph at lines 392--392
 []\T1/fi4/m/n/10 LPGM.select(X, method = "LPGM", N = 100, beta = 0.05, lmin = 
0.01, nlams = 20, lambda.path = NULL, parallel = T, nCpus = 4)[] 

Overfull \hbox (8.56749pt too wide) in paragraph at lines 399--401
[]\T1/ptm/m/n/10 specification of the vari-a-tion of log-linear poisson-based g
raph-i-cal model (LPGM),

Overfull \hbox (2.84717pt too wide) in paragraph at lines 407--408
[]\T1/ptm/m/n/10 logical value to in-di-cate if the pro-cess should be run par-
al-lelly in mul-ti-ple threads,
[8]
Overfull \hbox (3.63799pt too wide) in paragraph at lines 424--426
\T1/ptm/m/n/10 and Biomedicine (BIBM 2012), 2012. E. Yang, P. K. Raviku-mar, G.
 I. Allen, and Z. Liu, <93>Graph-

Overfull \hbox (95.28088pt too wide) in paragraph at lines 441--441
 []\T1/fi4/m/n/9 smatrix  = matrix(sample(c(1,-1), nrow(gdata$theta)*ncol(gdata
$theta), replace=TRUE), nrow = nrow(gdata$theta) )[] 

Overfull \hbox (50.28088pt too wide) in paragraph at lines 442--442
 []\T1/fi4/m/n/9 simData = WPGMSim(n,p,R=10, alpha = rep(0,p), Theta = 0.1*as.m
atrix(gdata$theta)*smatrix, maxit = 100 )[] 
[9]
Underfull \vbox (badness 10000) has occurred while \output is active [10]
Underfull \vbox (badness 10000) has occurred while \output is active [11]
(/usr/share/texmf-texlive/tex/latex/base/utf8.def)
Overfull \hbox (98.28088pt too wide) in paragraph at lines 609--609
 []\T1/fi4/m/n/9 smatrix  = matrix(sample(c(1,-1), nrow(gdata$theta)*ncol(gdata
$theta), replace =TRUE), nrow = nrow(gdata$theta) )[] 

Overfull \hbox (50.28088pt too wide) in paragraph at lines 610--610
 []\T1/fi4/m/n/9 simData = WPGMSim(n,p,R=10, alpha = rep(0,p), Theta = 0.1*as.m
atrix(gdata$theta)*smatrix, maxit = 100 )[] 
(/usr/share/texmf-texlive/tex/latex/base/utf8.def)
Overfull \hbox (4.40694pt too wide) in paragraph at lines 621--622
[]\T1/ptm/m/n/10 Fitting the lo-cal Log-Linear Graph-i-cal Model based on pair-
wise sublinear-truncated Pois-son Markov
[12]
Overfull \hbox (148.11447pt too wide) in paragraph at lines 626--626
 []\T1/fi4/m/n/10 SPGM.select(X, R, R0 = 0, N = 100, beta = 0.05, lmin = 0.01, 
nlams = 20, lambda.path = NULL, parallel = T, nCpus = 4)[] 

Overfull \hbox (2.84717pt too wide) in paragraph at lines 640--641
[]\T1/ptm/m/n/10 logical value to in-di-cate if the pro-cess should be run par-
al-lelly in mul-ti-ple threads,

Overfull \hbox (3.63799pt too wide) in paragraph at lines 657--659
\T1/ptm/m/n/10 and Biomedicine (BIBM 2012), 2012. E. Yang, P. K. Raviku-mar, G.
 I. Allen, and Z. Liu, <93>Graph-
[13] (/usr/share/texmf-texlive/tex/latex/base/utf8.def)
Overfull \hbox (113.11444pt too wide) in paragraph at lines 701--701
 []\T1/fi4/m/n/10 TPGM.select(X, R, N = 100, beta = 0.05, lmin = 0.01, nlams = 
20, lambda.path = NULL, parallel = T, nCpus = 4)[] 

Overfull \hbox (2.84717pt too wide) in paragraph at lines 714--715
[]\T1/ptm/m/n/10 logical value to in-di-cate if the pro-cess should be run par-
al-lelly in mul-ti-ple threads,
[14]
Overfull \hbox (3.63799pt too wide) in paragraph at lines 735--737
\T1/ptm/m/n/10 and Biomedicine (BIBM 2012), 2012. E. Yang, P. K. Raviku-mar, G.
 I. Allen, and Z. Liu, <93>Graph-
(/usr/share/texmf-texlive/tex/latex/base/utf8.def) [15] [16]
(/usr/share/texmf-texlive/tex/latex/base/utf8.def) [17] [18]
(/usr/share/texmf-texlive/tex/latex/base/utf8.def) [19]
Underfull \vbox (badness 3803) has occurred while \output is active [20]
(/usr/share/texmf-texlive/tex/latex/base/utf8.def)
Overfull \hbox (123.11432pt too wide) in paragraph at lines 1056--1056
 []\T1/fi4/m/n/10 WPGM.select(X, R=max(X), N=100, beta=0.05, lmin=0.0001, nlams
=20, lambda.path=NULL, parallel=F, ncores = 4)[] 

Overfull \hbox (2.84717pt too wide) in paragraph at lines 1069--1070
[]\T1/ptm/m/n/10 logical value to in-di-cate if the pro-cess should be run par-
al-lelly in mul-ti-ple threads,
[21]
Overfull \hbox (3.63799pt too wide) in paragraph at lines 1086--1088
\T1/ptm/m/n/10 and Biomedicine (BIBM 2012), 2012. E. Yang, P. K. Raviku-mar, G.
 I. Allen, and Z. Liu, <93>Graph-
[22] (/usr/share/texmf-texlive/tex/latex/base/utf8.def) [23] (./Rd2.ind
[24]

LaTeX Font Warning: Font shape `T1/fi4/m/it' undefined
(Font)              using `T1/fi4/m/n' instead on input line 58.

[25]) (./Rd2.aux)

LaTeX Font Warning: Some font shapes were not available, defaults substituted.

 )
(see the transcript file for additional information)pdfTeX warning (dest): name
{Rfn.glmnet} has been referenced but does not exist, replaced by a fixed one

pdfTeX warning (dest): name{Rfn.<pkg>} has been referenced but does not exist, 
replaced by a fixed one

{/usr/share/texmf-texlive/fonts/enc/dvips/base/8r.enc}{/usr/share/texmf-texlive
/fonts/enc/dvips/inconsolata/fi4-ec.enc}</usr/share/texmf-texlive/fonts/type1/p
ublic/inconsolata/Inconsolata.pfb></usr/share/texmf-texlive/fonts/type1/public/
amsfonts/cm/cmsy10.pfb></usr/share/texmf-texlive/fonts/type1/urw/helvetic/uhvr8
a.pfb></usr/share/texmf-texlive/fonts/type1/urw/times/utmb8a.pfb></usr/share/te
xmf-texlive/fonts/type1/urw/times/utmr8a.pfb></usr/share/texmf-texlive/fonts/ty
pe1/urw/times/utmr8a.pfb></usr/share/texmf-texlive/fonts/type1/urw/times/utmri8
a.pfb>
Output written on Rd2.pdf (25 pages, 155218 bytes).
Transcript written on Rd2.log.
This is makeindex, version 2.15 [TeX Live 2009] (kpathsea + Thai support).
Scanning input file Rd2.idx....done (51 entries accepted, 0 rejected).
Sorting entries....done (290 comparisons).
Generating output file Rd2.ind....done (78 lines written, 0 warnings).
Output written in Rd2.ind.
Transcript written in Rd2.ilg.
This is pdfTeX, Version 3.1415926-1.40.10 (TeX Live 2009/Debian)
entering extended mode
LaTeX2e <2009/09/24>
Babel <v3.8l> and hyphenation patterns for english, usenglishmax, dumylang, noh
yphenation, farsi, arabic, croatian, bulgarian, ukrainian, russian, czech, slov
ak, danish, dutch, finnish, french, basque, ngerman, german, german-x-2009-06-1
9, ngerman-x-2009-06-19, ibycus, monogreek, greek, ancientgreek, hungarian, san
skrit, italian, latin, latvian, lithuanian, mongolian2a, mongolian, bokmal, nyn
orsk, romanian, irish, coptic, serbian, turkish, welsh, esperanto, uppersorbian
, estonian, indonesian, interlingua, icelandic, kurmanji, slovenian, polish, po
rtuguese, spanish, galician, catalan, swedish, ukenglish, pinyin, loaded.
(./Rd2.tex
(/usr/share/texmf-texlive/tex/latex/base/book.cls
Document Class: book 2007/10/19 v1.4h Standard LaTeX document class
(/usr/share/texmf-texlive/tex/latex/base/bk10.clo))
(/usr/share/R/share/texmf/tex/latex/Rd.sty
(/usr/share/texmf-texlive/tex/latex/base/ifthen.sty)
(/usr/share/texmf-texlive/tex/latex/tools/longtable.sty)
(/usr/share/texmf-texlive/tex/latex/tools/bm.sty)
(/usr/share/texmf-texlive/tex/latex/base/alltt.sty)
(/usr/share/texmf-texlive/tex/latex/tools/verbatim.sty)
(/usr/share/texmf-texlive/tex/latex/ltxmisc/url.sty) NOT loading ae
(/usr/share/texmf-texlive/tex/latex/base/fontenc.sty
(/usr/share/texmf-texlive/tex/latex/base/t1enc.def))
(/usr/share/texmf-texlive/tex/latex/psnfss/times.sty) NOT loading lmodern
(/usr/share/texmf-texlive/tex/latex/inconsolata/inconsolata.sty
(/usr/share/texmf-texlive/tex/latex/base/textcomp.sty
(/usr/share/texmf-texlive/tex/latex/base/ts1enc.def))
(/usr/share/texmf-texlive/tex/latex/graphics/keyval.sty))
(/usr/share/texmf-texlive/tex/latex/graphics/color.sty
(/etc/texmf/tex/latex/config/color.cfg)
(/usr/share/texmf-texlive/tex/latex/pdftex-def/pdftex.def))
(/usr/share/texmf-texlive/tex/latex/hyperref/hyperref.sty
(/usr/share/texmf-texlive/tex/generic/oberdiek/ifpdf.sty)
(/usr/share/texmf-texlive/tex/generic/oberdiek/ifvtex.sty)
(/usr/share/texmf-texlive/tex/generic/ifxetex/ifxetex.sty)
(/usr/share/texmf-texlive/tex/latex/oberdiek/hycolor.sty
(/usr/share/texmf-texlive/tex/latex/oberdiek/xcolor-patch.sty))
(/usr/share/texmf-texlive/tex/latex/hyperref/pd1enc.def)
(/usr/share/texmf-texlive/tex/generic/oberdiek/etexcmds.sty
(/usr/share/texmf-texlive/tex/generic/oberdiek/infwarerr.sty))
(/usr/share/texmf-texlive/tex/latex/latexconfig/hyperref.cfg)
(/usr/share/texmf-texlive/tex/latex/oberdiek/kvoptions.sty
(/usr/share/texmf-texlive/tex/generic/oberdiek/kvsetkeys.sty))
Implicit mode ON; LaTeX internals redefined
(/usr/share/texmf-texlive/tex/generic/oberdiek/bitset.sty
(/usr/share/texmf-texlive/tex/generic/oberdiek/intcalc.sty)
(/usr/share/texmf-texlive/tex/generic/oberdiek/bigintcalc.sty
(/usr/share/texmf-texlive/tex/generic/oberdiek/pdftexcmds.sty
(/usr/share/texmf-texlive/tex/generic/oberdiek/ifluatex.sty)
(/usr/share/texmf-texlive/tex/generic/oberdiek/ltxcmds.sty))))
(/usr/share/texmf-texlive/tex/generic/oberdiek/atbegshi.sty))
*hyperref using default driver hpdftex*
(/usr/share/texmf-texlive/tex/latex/hyperref/hpdftex.def)

Package hyperref Warning: Option `hyperindex' has already been used,
(hyperref)                setting the option has no effect on input line 356.


Package hyperref Warning: Option `pagebackref' has already been used,
(hyperref)                setting the option has no effect on input line 356.

) (/usr/share/texmf-texlive/tex/latex/base/makeidx.sty)
(/usr/share/texmf-texlive/tex/latex/base/inputenc.sty
(/usr/share/texmf-texlive/tex/latex/base/utf8.def
(/usr/share/texmf-texlive/tex/latex/base/t1enc.dfu)
(/usr/share/texmf-texlive/tex/latex/base/ot1enc.dfu)
(/usr/share/texmf-texlive/tex/latex/base/omsenc.dfu)
(/usr/share/texmf-texlive/tex/latex/base/ts1enc.dfu))
(/usr/share/texmf-texlive/tex/latex/base/latin1.def))
Writing index file Rd2.idx
(./Rd2.aux) (/usr/share/texmf-texlive/tex/latex/base/ts1cmr.fd)
(/usr/share/texmf-texlive/tex/latex/psnfss/t1ptm.fd)
(/usr/share/texmf-texlive/tex/context/base/supp-pdf.mkii
[Loading MPS to PDF converter (version 2006.09.02).]
) (/usr/share/texmf-texlive/tex/latex/hyperref/nameref.sty
(/usr/share/texmf-texlive/tex/latex/oberdiek/refcount.sty)) (./Rd2.out)
(./Rd2.out) (/usr/share/texmf-texlive/tex/latex/inconsolata/t1fi4.fd)
(/usr/share/texmf-texlive/tex/latex/psnfss/t1phv.fd) (./Rd2.toc)
(/usr/share/texmf-texlive/tex/latex/base/utf8.def) [1{/var/lib/texmf/fonts/map/
pdftex/updmap/pdftex.map}]
Overfull \hbox (3.63799pt too wide) in paragraph at lines 58--60
\T1/ptm/m/n/10 and Biomedicine (BIBM 2012), 2012. E. Yang, P. K. Raviku-mar, G.
 I. Allen, and Z. Liu, <93>Graph-
(/usr/share/texmf-texlive/tex/latex/base/utf8.def) [2]
(/usr/share/texmf-texlive/tex/latex/base/utf8.def) [3]
(/usr/share/texmf-texlive/tex/latex/base/utf8.def)
Overfull \hbox (2.84717pt too wide) in paragraph at lines 193--194
[]\T1/ptm/m/n/10 logical value to in-di-cate if the pro-cess should be run par-
al-lelly in mul-ti-ple threads,
[4] [5]
Underfull \vbox (badness 10000) has occurred while \output is active [6]
(/usr/share/texmf-texlive/tex/latex/base/utf8.def) [7]
(/usr/share/texmf-texlive/tex/latex/base/utf8.def)
Overfull \hbox (179.78113pt too wide) in paragraph at lines 392--392
 []\T1/fi4/m/n/10 LPGM.select(X, method = "LPGM", N = 100, beta = 0.05, lmin = 
0.01, nlams = 20, lambda.path = NULL, parallel = T, nCpus = 4)[] 

Overfull \hbox (8.56749pt too wide) in paragraph at lines 399--401
[]\T1/ptm/m/n/10 specification of the vari-a-tion of log-linear poisson-based g
raph-i-cal model (LPGM),

Overfull \hbox (2.84717pt too wide) in paragraph at lines 407--408
[]\T1/ptm/m/n/10 logical value to in-di-cate if the pro-cess should be run par-
al-lelly in mul-ti-ple threads,
[8]
Overfull \hbox (3.63799pt too wide) in paragraph at lines 424--426
\T1/ptm/m/n/10 and Biomedicine (BIBM 2012), 2012. E. Yang, P. K. Raviku-mar, G.
 I. Allen, and Z. Liu, <93>Graph-

Overfull \hbox (95.28088pt too wide) in paragraph at lines 441--441
 []\T1/fi4/m/n/9 smatrix  = matrix(sample(c(1,-1), nrow(gdata$theta)*ncol(gdata
$theta), replace=TRUE), nrow = nrow(gdata$theta) )[] 

Overfull \hbox (50.28088pt too wide) in paragraph at lines 442--442
 []\T1/fi4/m/n/9 simData = WPGMSim(n,p,R=10, alpha = rep(0,p), Theta = 0.1*as.m
atrix(gdata$theta)*smatrix, maxit = 100 )[] 
[9]
Underfull \vbox (badness 10000) has occurred while \output is active [10]
Underfull \vbox (badness 10000) has occurred while \output is active [11]
(/usr/share/texmf-texlive/tex/latex/base/utf8.def)
Overfull \hbox (98.28088pt too wide) in paragraph at lines 609--609
 []\T1/fi4/m/n/9 smatrix  = matrix(sample(c(1,-1), nrow(gdata$theta)*ncol(gdata
$theta), replace =TRUE), nrow = nrow(gdata$theta) )[] 

Overfull \hbox (50.28088pt too wide) in paragraph at lines 610--610
 []\T1/fi4/m/n/9 simData = WPGMSim(n,p,R=10, alpha = rep(0,p), Theta = 0.1*as.m
atrix(gdata$theta)*smatrix, maxit = 100 )[] 
(/usr/share/texmf-texlive/tex/latex/base/utf8.def)
Overfull \hbox (4.40694pt too wide) in paragraph at lines 621--622
[]\T1/ptm/m/n/10 Fitting the lo-cal Log-Linear Graph-i-cal Model based on pair-
wise sublinear-truncated Pois-son Markov
[12]
Overfull \hbox (148.11447pt too wide) in paragraph at lines 626--626
 []\T1/fi4/m/n/10 SPGM.select(X, R, R0 = 0, N = 100, beta = 0.05, lmin = 0.01, 
nlams = 20, lambda.path = NULL, parallel = T, nCpus = 4)[] 

Overfull \hbox (2.84717pt too wide) in paragraph at lines 640--641
[]\T1/ptm/m/n/10 logical value to in-di-cate if the pro-cess should be run par-
al-lelly in mul-ti-ple threads,

Overfull \hbox (3.63799pt too wide) in paragraph at lines 657--659
\T1/ptm/m/n/10 and Biomedicine (BIBM 2012), 2012. E. Yang, P. K. Raviku-mar, G.
 I. Allen, and Z. Liu, <93>Graph-
[13] (/usr/share/texmf-texlive/tex/latex/base/utf8.def)
Overfull \hbox (113.11444pt too wide) in paragraph at lines 701--701
 []\T1/fi4/m/n/10 TPGM.select(X, R, N = 100, beta = 0.05, lmin = 0.01, nlams = 
20, lambda.path = NULL, parallel = T, nCpus = 4)[] 

Overfull \hbox (2.84717pt too wide) in paragraph at lines 714--715
[]\T1/ptm/m/n/10 logical value to in-di-cate if the pro-cess should be run par-
al-lelly in mul-ti-ple threads,
[14]
Overfull \hbox (3.63799pt too wide) in paragraph at lines 735--737
\T1/ptm/m/n/10 and Biomedicine (BIBM 2012), 2012. E. Yang, P. K. Raviku-mar, G.
 I. Allen, and Z. Liu, <93>Graph-
(/usr/share/texmf-texlive/tex/latex/base/utf8.def) [15] [16]
(/usr/share/texmf-texlive/tex/latex/base/utf8.def) [17] [18]
(/usr/share/texmf-texlive/tex/latex/base/utf8.def) [19]
Underfull \vbox (badness 3803) has occurred while \output is active [20]
(/usr/share/texmf-texlive/tex/latex/base/utf8.def)
Overfull \hbox (123.11432pt too wide) in paragraph at lines 1056--1056
 []\T1/fi4/m/n/10 WPGM.select(X, R=max(X), N=100, beta=0.05, lmin=0.0001, nlams
=20, lambda.path=NULL, parallel=F, ncores = 4)[] 

Overfull \hbox (2.84717pt too wide) in paragraph at lines 1069--1070
[]\T1/ptm/m/n/10 logical value to in-di-cate if the pro-cess should be run par-
al-lelly in mul-ti-ple threads,
[21]
Overfull \hbox (3.63799pt too wide) in paragraph at lines 1086--1088
\T1/ptm/m/n/10 and Biomedicine (BIBM 2012), 2012. E. Yang, P. K. Raviku-mar, G.
 I. Allen, and Z. Liu, <93>Graph-
[22] (/usr/share/texmf-texlive/tex/latex/base/utf8.def) [23] (./Rd2.ind
[24]

LaTeX Font Warning: Font shape `T1/fi4/m/it' undefined
(Font)              using `T1/fi4/m/n' instead on input line 58.

[25]) (./Rd2.aux)

LaTeX Font Warning: Some font shapes were not available, defaults substituted.

 )
(see the transcript file for additional information)pdfTeX warning (dest): name
{Rfn.glmnet} has been referenced but does not exist, replaced by a fixed one

pdfTeX warning (dest): name{Rfn.<pkg>} has been referenced but does not exist, 
replaced by a fixed one

{/usr/share/texmf-texlive/fonts/enc/dvips/base/8r.enc}{/usr/share/texmf-texlive
/fonts/enc/dvips/inconsolata/fi4-ec.enc}</usr/share/texmf-texlive/fonts/type1/p
ublic/inconsolata/Inconsolata.pfb></usr/share/texmf-texlive/fonts/type1/public/
amsfonts/cm/cmsy10.pfb></usr/share/texmf-texlive/fonts/type1/urw/helvetic/uhvr8
a.pfb></usr/share/texmf-texlive/fonts/type1/urw/times/utmb8a.pfb></usr/share/te
xmf-texlive/fonts/type1/urw/times/utmr8a.pfb></usr/share/texmf-texlive/fonts/ty
pe1/urw/times/utmr8a.pfb></usr/share/texmf-texlive/fonts/type1/urw/times/utmri8
a.pfb>
Output written on Rd2.pdf (25 pages, 155840 bytes).
Transcript written on Rd2.log.
Saving output to 'PGM-manual.pdf' ...
Done
You may want to clean up by 'rm -rf /tmp/RtmpEHER9u/Rd2pdf15994ae60293'
